"../../../RacingGame/Content/CyberPunk_BuiltData.uasset" 0
"../../../Engine/Content/EditorBlueprintResources/StandardMacros.uasset" 1
"../../../RacingGame/Content/Fonts/Font_Digital.uasset" 2
"../../../RacingGame/Content/Fonts/Font_Digital_Font.uasset" 3
"../../../RacingGame/Content/Textures/T_Circle.uasset" 4
"../../../RacingGame/Content/Blueprints/WG_GameHUD.uasset" 5
"../../../RacingGame/Content/Sound/Wav/S_EngineIdle.uasset" 6
"../../../RacingGame/Content/Sound/Wav/S_EngineLimiter.uasset" 7
"../../../RacingGame/Content/Sound/Wav/S_EngineOnHigh.uasset" 8
"../../../RacingGame/Content/Sound/Wav/S_EngineOnIdle.uasset" 9
"../../../RacingGame/Content/Sound/Wav/S_EngineOnLow.uasset" 10
"../../../RacingGame/Content/Sound/Wav/S_EngineOnMid.uasset" 11
"../../../RacingGame/Content/Sound/Cue/SC_Engine.uasset" 12
"../../../RacingGame/Content/Sound/Engine_att.uasset" 13
"../../../RacingGame/Content/Textures/car-__R_Occlusion__G_Roughness__B_Metallic.uasset" 14
"../../../RacingGame/Content/Textures/car_col.uasset" 15
"../../../RacingGame/Content/Materials/car_Texture.uasset" 16
"../../../RacingGame/Content/Vehicle/CarBody.uasset" 17
"../../../RacingGame/Content/Vehicle/FrontWheel.uasset" 18
"../../../RacingGame/Content/Vehicle/PhysicsMaterials/PM_NoFriction.uasset" 19
"../../../RacingGame/Content/Blueprints/BP_KartPawnBase.uasset" 20
"../../../RacingGame/Content/Blueprints/HighScore.uasset" 21
"../../../RacingGame/Content/Blueprints/MySaveGame.uasset" 22
"../../../RacingGame/Content/Blueprints/UI.uasset" 23
"../../../RacingGame/Content/Sound/Wav/Beep.uasset" 24
"../../../RacingGame/Content/Sound/Wav/MASTER.uasset" 25
"../../../RacingGame/Content/Blueprints/MyVehiclePlayerController.uasset" 26
"../../../RacingGame/Content/Sound/Wav/S_BlowOfff_new.uasset" 27
"../../../RacingGame/Content/Sound/Cue/SC_BlowOff.uasset" 28
"../../../RacingGame/Content/Blueprints/BP_KartPawnPlayer.uasset" 29
"../../../RacingGame/Content/Blueprints/MyRacingGameGameModeBase.uasset" 30
"../../../RacingGame/Content/CyberpunkAlleyPack/Textures/ChainLinkFence1/ChainLinkFence_Diffuse.uasset" 31
"../../../RacingGame/Content/CyberpunkAlleyPack/Textures/ChainLinkFence1/ChainLinkFence_Normal.uasset" 32
"../../../RacingGame/Content/CyberpunkAlleyPack/Textures/ChainLinkFence1/ChainLinkFence_Opacity.uasset" 33
"../../../RacingGame/Content/CyberpunkAlleyPack/Materials/ChainLinkFence1.uasset" 34
"../../../RacingGame/Content/CyberpunkAlleyPack/Textures/Trim1/Trim1_BaseColor.uasset" 35
"../../../RacingGame/Content/CyberpunkAlleyPack/Textures/Trim1/Trim1_Metallic.uasset" 36
"../../../RacingGame/Content/CyberpunkAlleyPack/Textures/Trim1/Trim1_Normal.uasset" 37
"../../../RacingGame/Content/CyberpunkAlleyPack/Textures/Trim1/Trim1_Roughness.uasset" 38
"../../../RacingGame/Content/CyberpunkAlleyPack/Materials/Trim1.uasset" 39
"../../../RacingGame/Content/CyberpunkAlleyPack/Meshes/ChainFence1.uasset" 40
"../../../RacingGame/Content/CyberpunkAlleyPack/Textures/Details1/Details1_BaseColor.uasset" 41
"../../../RacingGame/Content/CyberpunkAlleyPack/Textures/Details1/Details1_Metallic.uasset" 42
"../../../RacingGame/Content/CyberpunkAlleyPack/Textures/Details1/Details1_Normal.uasset" 43
"../../../RacingGame/Content/CyberpunkAlleyPack/Textures/Details1/Details1_Opacity.uasset" 44
"../../../RacingGame/Content/CyberpunkAlleyPack/Textures/Details1/Details1_Roughness.uasset" 45
"../../../RacingGame/Content/CyberpunkAlleyPack/Materials/Details1.uasset" 46
"../../../RacingGame/Content/CyberpunkAlleyPack/Meshes/StreetDetail13.uasset" 47
"../../../RacingGame/Content/CyberpunkAlleyPack/Meshes/StreetDetail15.uasset" 48
"../../../RacingGame/Content/CyberpunkAlleyPack/Textures/Brick2/Brick2_BaseColor.uasset" 49
"../../../RacingGame/Content/CyberpunkAlleyPack/Textures/Brick2/Brick2_Metallic.uasset" 50
"../../../RacingGame/Content/CyberpunkAlleyPack/Textures/Brick2/Brick2_Normal.uasset" 51
"../../../RacingGame/Content/CyberpunkAlleyPack/Textures/Brick2/Brick2_Roughness.uasset" 52
"../../../RacingGame/Content/CyberpunkAlleyPack/Materials/Brick2.uasset" 53
"../../../RacingGame/Content/CyberpunkAlleyPack/Meshes/Blocks/Block_Thin.uasset" 54
"../../../RacingGame/Content/CyberpunkAlleyPack/Meshes/Blocks/Block_ThinFlat.uasset" 55
"../../../RacingGame/Content/CyberpunkAlleyPack/Meshes/Blocks/Block_TurnThin.uasset" 56
"../../../RacingGame/Content/CyberpunkAlleyPack/Meshes/TrimAndRailing/Edging3_TurnOutsideThin.uasset" 57
"../../../RacingGame/Content/CyberpunkAlleyPack/Meshes_Scaled/Blocks/Block_Doorway.uasset" 58
"../../../RacingGame/Content/CyberpunkAlleyPack/Textures/MaglevTrainDirty/MaglevCarDirty_Emissive.uasset" 59
"../../../RacingGame/Content/SciFiHallway/Textures/T_Smoke_SubUV.uasset" 60
"../../../RacingGame/Content/SciFiHallway/Textures/T_Smoke_Tiled_D.uasset" 61
"../../../RacingGame/Content/SciFiHallway/Materials/M_smoke_subUV_Orange.uasset" 62
"../../../RacingGame/Content/Sound/Cue/MASTER_Cue.uasset" 63
"../../../Engine/Content/Functions/Engine_MaterialFunctions01/Opacity/CameraDepthFade.uasset" 64
"../../../Engine/Content/EngineMaterials/T_Default_Material_Grid_M.uasset" 65
"../../../Engine/Content/EngineMaterials/T_Default_Material_Grid_N.uasset" 66
"../../../Engine/Content/EngineMaterials/DefaultMaterial.uasset" 67
"../../../Engine/Content/BasicShapes/Cone.uasset" 68
"../../../Engine/Content/EngineMaterials/WorldGridMaterial.uasset" 69
"../../../Engine/Content/BasicShapes/Cube.uasset" 70
"../../../Engine/Content/BasicShapes/Cylinder.uasset" 71
"../../../Engine/Content/BasicShapes/Plane.uasset" 72
"../../../Engine/Content/BasicShapes/Sphere.uasset" 73
"../../../Engine/Content/EditorLandscapeResources/DataLayer.uasset" 74
"../../../Engine/Content/EditorMaterials/GizmoMaterial.uasset" 75
"../../../Engine/Content/EditorMaterials/MAT_Groups_Toggle.uasset" 76
"../../../Engine/Content/EditorMaterials/MAT_Groups_Visibility.uasset" 77
"../../../Engine/Content/EditorMaterials/PreviewShadowIndicator.uasset" 78
"../../../Engine/Content/EditorMaterials/PreviewShadowIndicatorMaterial.uasset" 79
"../../../Engine/Content/EditorMaterials/MatineeGroups/MAT_ColorTrack.uasset" 80
"../../../Engine/Content/EditorMaterials/MatineeGroups/MAT_Groups_Anim.uasset" 81
"../../../Engine/Content/EditorMaterials/MatineeGroups/MAT_Groups_AudioMaster.uasset" 82
"../../../Engine/Content/EditorMaterials/MatineeGroups/MAT_Groups_Director.uasset" 83
"../../../Engine/Content/EditorMaterials/MatineeGroups/MAT_Groups_Event.uasset" 84
"../../../Engine/Content/EditorMaterials/MatineeGroups/MAT_Groups_Fade.uasset" 85
"../../../Engine/Content/EditorMaterials/MatineeGroups/MAT_Groups_Float.uasset" 86
"../../../Engine/Content/EditorMaterials/MatineeGroups/MAT_Groups_Move.uasset" 87
"../../../Engine/Content/EditorMaterials/MatineeGroups/MAT_Groups_Slomo.uasset" 88
"../../../Engine/Content/EditorMaterials/MatineeGroups/MAT_Groups_Sound.uasset" 89
"../../../Engine/Content/EditorMaterials/MatineeGroups/MAT_Groups_Vector.uasset" 90
"../../../Engine/Content/EditorMaterials/ParticleSystems/PSysThumbnail_NoImage.uasset" 91
"../../../Engine/Content/EditorMaterials/ParticleSystems/PSysThumbnail_OOD.uasset" 92
"../../../Engine/Content/EditorMaterials/Camera/CineMat.uasset" 93
"../../../Engine/Content/EditorMaterials/Camera/MI_CineMat_Rig.uasset" 94
"../../../Engine/Content/EditorMeshes/Camera/SM_CraneRig_Arm.uasset" 95
"../../../Engine/Content/EditorMeshes/Camera/SM_CraneRig_Base.uasset" 96
"../../../Engine/Content/EditorMeshes/Camera/SM_CraneRig_Body.uasset" 97
"../../../Engine/Content/EditorMeshes/Camera/SM_CraneRig_Mount.uasset" 98
"../../../Engine/Content/EditorMeshes/Camera/SM_RailRig_Mount.uasset" 99
"../../../Engine/Content/EditorMeshes/Camera/SM_RailRig_Track.uasset" 100
"../../../Engine/Content/EditorMeshes/ColorCalibrator/M_ChromeBall.uasset" 101
"../../../Engine/Content/EditorMeshes/ColorCalibrator/M_ClearCoat.uasset" 102
"../../../Engine/Content/EditorMeshes/ColorCalibrator/M_ClearCoatBlack.uasset" 103
"../../../Engine/Content/EditorMeshes/ColorCalibrator/Color_checker.uasset" 104
"../../../Engine/Content/EditorMeshes/ColorCalibrator/M_ColorGrid.uasset" 105
"../../../Engine/Content/EditorMeshes/ColorCalibrator/M_GreyBall.uasset" 106
"../../../Engine/Content/EditorMeshes/ColorCalibrator/SM_ColorCalibrator.uasset" 107
"../../../Engine/Content/EditorResources/BSPVertex.uasset" 108
"../../../Engine/Content/EditorResources/EmptyActor.uasset" 109
"../../../Engine/Content/EditorResources/S_Actor.uasset" 110
"../../../Engine/Content/EditorResources/S_Trigger.uasset" 111
"../../../Engine/Content/EditorResources/SequenceRecorder/Countdown.uasset" 112
"../../../Engine/Content/EditorResources/SequenceRecorder/RecordingIndicator.uasset" 113
"../../../Engine/Content/EditorSounds/Notifications/CompileFailed.uasset" 114
"../../../Engine/Content/EditorSounds/Notifications/CompileFailed_Cue.uasset" 115
"../../../Engine/Content/EditorSounds/Notifications/CompileSuccess.uasset" 116
"../../../Engine/Content/EditorSounds/Notifications/CompileStart_Cue.uasset" 117
"../../../Engine/Content/EditorSounds/Notifications/CompileSuccess_Cue.uasset" 118
"../../../Engine/Content/EngineDamageTypes/DmgTypeBP_Environmental.uasset" 119
"../../../Engine/Content/EngineDebugMaterials/HeatmapGradient.uasset" 120
"../../../Engine/Content/EngineDebugMaterials/BoneWeightMaterial.uasset" 121
"../../../Engine/Content/EngineDebugMaterials/ClothMaterial.uasset" 122
"../../../Engine/Content/EngineDebugMaterials/ClothMaterial_WF.uasset" 123
"../../../Engine/Content/EngineDebugMaterials/DebugEditorMaterial.uasset" 124
"../../../Engine/Content/EngineDebugMaterials/DebugMeshMaterial.uasset" 125
"../../../Engine/Content/EngineDebugMaterials/GeomMaterial.uasset" 126
"../../../Engine/Content/EngineFonts/Faces/RobotoBold.uasset" 127
"../../../Engine/Content/EngineFonts/Faces/RobotoBoldItalic.uasset" 128
"../../../Engine/Content/EngineFonts/Faces/RobotoItalic.uasset" 129
"../../../Engine/Content/EngineFonts/Faces/RobotoLight.uasset" 130
"../../../Engine/Content/EngineFonts/Faces/RobotoRegular.uasset" 131
"../../../Engine/Content/EngineFonts/Roboto.uasset" 132
"../../../Engine/Content/EngineFonts/Faces/RobotoTiny.uasset" 133
"../../../Engine/Content/EngineFonts/RobotoTiny.uasset" 134
"../../../Engine/Content/EngineMaterials/DefaultBloomKernel.uasset" 135
"../../../Engine/Content/EngineMaterials/DefaultBokeh.uasset" 136
"../../../Engine/Content/EngineMaterials/DefaultDiffuse.uasset" 137
"../../../Engine/Content/EngineMaterials/DefaultDeferredDecalMaterial.uasset" 138
"../../../Engine/Content/EngineMaterials/DefaultLightFunctionMaterial.uasset" 139
"../../../Engine/Content/Functions/Engine_MaterialFunctions02/Utility/BreakOutFloat2Components.uasset" 140
"../../../Engine/Content/EngineMaterials/DefaultPostProcessMaterial.uasset" 141
"../../../Engine/Content/EngineFonts/RobotoDistanceField.uasset" 142
"../../../Engine/Content/EngineMaterials/DefaultTextMaterialOpaque.uasset" 143
"../../../Engine/Content/EngineMaterials/DefaultWhiteGrid.uasset" 144
"../../../Engine/Content/EngineMaterials/EditorBrushMaterial.uasset" 145
"../../../Engine/Content/EngineMaterials/Good64x64TilingNoiseHighFreq.uasset" 146
"../../../Engine/Content/EngineMaterials/MiniFont.uasset" 147
"../../../Engine/Content/EngineMaterials/InvalidLightmapSettings.uasset" 148
"../../../Engine/Content/EngineMaterials/M_InvalidLightmapSettings.uasset" 149
"../../../Engine/Content/Functions/Engine_MaterialFunctions02/WorldPositionOffset/CameraOffset.uasset" 150
"../../../Engine/Content/EngineMaterials/PhAT_JointLimitMaterial.uasset" 151
"../../../Engine/Content/EngineMaterials/PreintegratedSkinBRDF.uasset" 152
"../../../Engine/Content/EngineMaterials/RemoveSurfaceMaterial.uasset" 153
"../../../Engine/Content/EngineMaterials/WeightMapPlaceholderTexture.uasset" 154
"../../../Engine/Content/EngineResources/WhiteSquareTexture.uasset" 155
"../../../Engine/Content/EngineMaterials/Widget3DPassThrough.uasset" 156
"../../../Engine/Content/EngineMaterials/Widget3DPassThrough_Masked.uasset" 157
"../../../Engine/Content/EngineMaterials/Widget3DPassThrough_Opaque.uasset" 158
"../../../Engine/Content/EngineMaterials/Widget3DPassThrough_Masked_OneSided.uasset" 159
"../../../Engine/Content/EngineMaterials/Widget3DPassThrough_Opaque_OneSided.uasset" 160
"../../../Engine/Content/EngineMaterials/Widget3DPassThrough_Translucent.uasset" 161
"../../../Engine/Content/EngineMaterials/Widget3DPassThrough_Translucent_OneSided.uasset" 162
"../../../Engine/Content/EngineMeshes/Cube.uasset" 163
"../../../Engine/Content/EngineMeshes/Cylinder.uasset" 164
"../../../Engine/Content/EngineMeshes/Sphere.uasset" 165
"../../../Engine/Content/EngineResources/Black.uasset" 166
"../../../Engine/Content/EngineResources/DefaultTexture.uasset" 167
"../../../Engine/Content/EngineResources/DefaultTextureCube.uasset" 168
"../../../Engine/Content/EngineResources/GradientTexture0.uasset" 169
"../../../Engine/Content/EngineSounds/Master.uasset" 170
"../../../Engine/Content/Functions/Engine_MaterialFunctions01/Shading/ConvertFromDiffSpec.uasset" 171
"../../../Engine/Content/Functions/Engine_MaterialFunctions01/Shading/PowerToRoughness.uasset" 172
"../../../Engine/Content/Maps/Templates/Thumbnails/Default.uasset" 173
"../../../Engine/Content/Maps/Templates/Thumbnails/VR-Basic.uasset" 174
"../../../Engine/Content/MobileResources/T_MobileControls_texture.uasset" 175
"../../../Engine/Content/MobileResources/T_MobileMenu2.uasset" 176
"../../../Engine/Content/MobileResources/HUD/AnalogHat.uasset" 177
"../../../Engine/Content/MobileResources/HUD/VirtualJoystick_Background.uasset" 178
"../../../Engine/Content/MobileResources/HUD/VirtualJoystick_Thumb.uasset" 179
"../../../Engine/Content/MobileResources/HUD/DefaultVirtualJoysticks.uasset" 180
"../../../Engine/Content/MobileResources/HUD/LeftVirtualJoystickOnly.uasset" 181
"../../../Engine/Content/MobileResources/HUD/MobileHUDButton1_off.uasset" 182
"../../../Engine/Content/MobileResources/HUD/MobileHUDButton1_on.uasset" 183
"../../../Engine/Content/MobileResources/HUD/MobileHUDButton2_off.uasset" 184
"../../../Engine/Content/MobileResources/HUD/MobileHUDButton2_on.uasset" 185
"../../../Engine/Content/MobileResources/HUD/MobileHUDButton3.uasset" 186
"../../../Engine/Content/MobileResources/HUD/MobileHUDButtonFire.uasset" 187
"../../../Engine/Content/MobileResources/HUD/MobileHUDDirectionPad.uasset" 188
"../../../Engine/Content/MobileResources/HUD/MobileHUDDirectionPad2.uasset" 189
"../../../Engine/Content/MobileResources/HUD/MobileHUDDirectionPad3.uasset" 190
"../../../Engine/Content/MobileResources/HUD/MobileHUDDirectionStick.uasset" 191
"../../../Engine/Content/MobileResources/HUD/T_Castle_ThumbstickInner.uasset" 192
"../../../Engine/Content/MobileResources/HUD/T_Castle_ThumbstickOutter.uasset" 193
"../../../Engine/Content/Tutorial/ContentIntroCurve.uasset" 194
"../../../Engine/Content/Tutorial/Basics/TutorialAssets/icon_tab_Levels_40x.uasset" 195
"../../../Engine/Content/Tutorial/BlueprintTutorials/TutorialAssets/BlueprintInterface_64x.uasset" 196
"../../../Engine/Content/Tutorial/BlueprintTutorials/TutorialAssets/BlueprintMacroLibrary_64x.uasset" 197
"../../../Engine/Content/Tutorial/BlueprintTutorials/TutorialAssets/Blueprint_64x.uasset" 198
"../../../Engine/Content/Tutorial/BlueprintTutorials/TutorialAssets/Tutorial_BP_Interface.uasset" 199
"../../../Engine/Content/Tutorial/Foliage/TutorialAssets/Foliage.uasset" 200
"../../../Engine/Content/Tutorial/Landscape/TutorialAssets/Landscape.uasset" 201
"../../../Engine/Content/Tutorial/Paper2D/TutorialAssets/Paper2DFlipbook_TutorialIcon.uasset" 202
"../../../Engine/Content/Tutorial/Paper2D/TutorialAssets/Paper2DSprite_TutorialIcon.uasset" 203
"../../../Engine/Content/Tutorial/SubEditors/TutorialAssets/icon_Editor_Preferences_General_40x.uasset" 204
"../../../Engine/Content/Tutorial/SubEditors/TutorialAssets/icon_ShowSkeletalMeshes_40x.uasset" 205
"../../../Engine/Content/Tutorial/SubEditors/TutorialAssets/TutorialMaterial.uasset" 206
"../../../Engine/Content/Tutorial/SubEditors/TutorialAssets/T_SmokeSubUV_8X8.uasset" 207
"../../../Engine/Content/Tutorial/SubEditors/TutorialAssets/T_soft_smoke.uasset" 208
"../../../Engine/Content/Tutorial/SubEditors/TutorialAssets/M_smoke_subUV_blackbody.uasset" 209
"../../../Engine/Content/Tutorial/SubEditors/TutorialAssets/TutorialParticleSystem.uasset" 210
"../../../Engine/Content/VREditor/Devices/Generic/GenericHMDMaterial.uasset" 211
"../../../Engine/Content/VREditor/Devices/Generic/GenericHMD.uasset" 212
"../../../Engine/Content/VREditor/FloatingText/LineMaterial.uasset" 213
"../../../Engine/Content/VREditor/FloatingText/JointSphere.uasset" 214
"../../../Engine/Content/VREditor/FloatingText/LineSegmentCylinder.uasset" 215
"../../../Engine/Content/VREditor/Fonts/VRText_RobotoLarge.uasset" 216
"../../../Engine/Content/VREditor/Fonts/VRTextMaterial.uasset" 217
"../../../Engine/Content/VREditor/Fonts/TranslucentVRTextMaterial.uasset" 218
"../../../Engine/Content/VREditor/LaserPointer/CursorPointer.uasset" 219
"../../../Engine/Content/VREditor/LaserPointer/VR_LaserPower_01.uasset" 220
"../../../Engine/Content/VREditor/TransformGizmo/TransformGizmoMaterial.uasset" 221
"../../../Engine/Content/VREditor/LaserPointer/HoverMaterial.uasset" 222
"../../../Engine/Content/VREditor/TransformGizmo/TranslucentTransformGizmoMaterial.uasset" 223
"../../../Engine/Content/VREditor/LaserPointer/TranslucentHoverMaterial.uasset" 224
"../../../Engine/Content/VREditor/LaserPointer/HoverMesh.uasset" 225
"../../../Engine/Content/VREditor/LaserPointer/LaserPointerMaterial.uasset" 226
"../../../Engine/Content/VREditor/LaserPointer/LaserPointerMaterialInst.uasset" 227
"../../../Engine/Content/VREditor/LaserPointer/TranslucentLaserPointerMaterialInst.uasset" 228
"../../../Engine/Content/VREditor/LaserPointer/LaserPointerMesh.uasset" 229
"../../../Engine/Content/VREditor/LaserPointer/LaserPointerMesh_End.uasset" 230
"../../../Engine/Content/VREditor/LaserPointer/LaserPointerMesh_Start.uasset" 231
"../../../Engine/Content/Functions/Engine_MaterialFunctions02/Utility/BreakOutFloat3Components.uasset" 232
"../../../Engine/Content/Functions/Engine_MaterialFunctions02/Math/Transform3x3Matrix.uasset" 233
"../../../Engine/Content/Functions/Engine_MaterialFunctions02/SplitComponents.uasset" 234
"../../../Engine/Content/Functions/Engine_MaterialFunctions02/Utility/MakeFloat3.uasset" 235
"../../../Engine/Content/VREditor/SnapGrid/SnapGridMaterial.uasset" 236
"../../../Engine/Content/VREditor/SnapGrid/SnapGridPlaneMesh.uasset" 237
"../../../Engine/Content/VREditor/Sounds/VR_teleport.uasset" 238
"../../../Engine/Content/VREditor/Sounds/UI/Click_on_Button_Cue.uasset" 239
"../../../Engine/Content/VREditor/Sounds/UI/Dockable_Window_Close.uasset" 240
"../../../Engine/Content/VREditor/Sounds/UI/Dockable_Window_Drop.uasset" 241
"../../../Engine/Content/VREditor/Sounds/UI/Dockable_Window_Open.uasset" 242
"../../../Engine/Content/VREditor/Sounds/UI/Dockable_Window_Pick_Up.uasset" 243
"../../../Engine/Content/VREditor/Sounds/UI/Drop_Item_From_ContentBrowser.uasset" 244
"../../../Engine/Content/VREditor/Sounds/UI/Floating_UI_Open-001.uasset" 245
"../../../Engine/Content/VREditor/Sounds/UI/Gizmo_Handle_Clicked.uasset" 246
"../../../Engine/Content/VREditor/Sounds/UI/Object_PickUp.uasset" 247
"../../../Engine/Content/VREditor/Sounds/UI/Object_Snaps_To_Another_Actor.uasset" 248
"../../../Engine/Content/VREditor/Sounds/UI/Object_Snaps_To_Grid.uasset" 249
"../../../Engine/Content/VREditor/Sounds/UI/Radial_Menu_FadeOut.uasset" 250
"../../../Engine/Content/VREditor/Sounds/UI/Scaling_Down.uasset" 251
"../../../Engine/Content/VREditor/Sounds/UI/Scaling_Up.uasset" 252
"../../../Engine/Content/VREditor/Sounds/UI/Selection_Changes.uasset" 253
"../../../Engine/Content/VREditor/Sounds/UI/Teleport_Mode_Entered.uasset" 254
"../../../Engine/Content/VREditor/Teleport/TeleportDirectionMaterial.uasset" 255
"../../../Engine/Content/VREditor/Teleport/TeleportDirectionMaterial_Inst.uasset" 256
"../../../Engine/Content/VREditor/Teleport/TeleportDirectionMesh.uasset" 257
"../../../Engine/Content/VREditor/TransformGizmo/BoundingBoxCorner.uasset" 258
"../../../Engine/Content/VREditor/TransformGizmo/BoundingBoxEdge.uasset" 259
"../../../Engine/Content/VREditor/TransformGizmo/PlaneTranslationHandle.uasset" 260
"../../../Engine/Content/VREditor/TransformGizmo/RotationHandleFull.uasset" 261
"../../../Engine/Content/VREditor/TransformGizmo/RotationHandleIndicator.uasset" 262
"../../../Engine/Content/VREditor/TransformGizmo/RotationHandleQuarter.uasset" 263
"../../../Engine/Content/VREditor/TransformGizmo/Main.uasset" 264
"../../../Engine/Content/VREditor/TransformGizmo/Xray.uasset" 265
"../../../Engine/Content/VREditor/TransformGizmo/SM_Dialog_Close.uasset" 266
"../../../Engine/Content/VREditor/TransformGizmo/SM_Dialog_Move.uasset" 267
"../../../Engine/Content/VREditor/TransformGizmo/SM_Sequencer_Key.uasset" 268
"../../../Engine/Content/VREditor/TransformGizmo/SM_Sequencer_Node.uasset" 269
"../../../Engine/Content/VREditor/TransformGizmo/StartRotationHandleIndicator.uasset" 270
"../../../Engine/Content/VREditor/TransformGizmo/TranslucentTransformGizmoMaterial_Inst.uasset" 271
"../../../Engine/Content/VREditor/TransformGizmo/TransformGizmoFreeRotation.uasset" 272
"../../../Engine/Content/VREditor/TransformGizmo/TransformGizmoMaterial_Inst.uasset" 273
"../../../Engine/Content/VREditor/TransformGizmo/TranslateArrowHandle.uasset" 274
"../../../Engine/Content/VREditor/TransformGizmo/UniformScaleHandle.uasset" 275
"../../../Engine/Content/VREditor/UI/KeyDiskMaterial.uasset" 276
"../../../Engine/Content/VREditor/UI/DiscMaterial.uasset" 277
"../../../Engine/Content/VREditor/UI/SM_Radial_Disk.uasset" 278
"../../../Engine/Content/Functions/Engine_MaterialFunctions01/Gradient/RadialGradient.uasset" 279
"../../../Engine/Content/VREditor/WorldMovementGrid/SimpleGrid.uasset" 280
"../../../Engine/Content/VREditor/WorldMovementGrid/GridMaterial.uasset" 281
"../../../Engine/Content/Functions/Engine_MaterialFunctions01/Density/ExponentialDensity.uasset" 282
"../../../Engine/Content/VREditor/WorldMovementGrid/GridPostProcess.uasset" 283
"../../../Engine/Content/EditorLandscapeResources/FlattenHeightMat.uasset" 284
"../../../Engine/Content/VREditor/WorldMovementGrid/PlaneMesh.uasset" 285
"../../../Engine/Plugins/2D/Paper2D/Content/PlaceholderTextures/DummySpriteTexture.uasset" 286
"../../../Engine/Plugins/2D/Paper2D/Content/DummySprite.uasset" 287
"../../../Engine/Plugins/2D/Paper2D/Content/DefaultPaperTerrainMaterial.uasset" 288
"../../../Engine/Plugins/2D/Paper2D/Content/DefaultSpriteMaterial.uasset" 289
"../../../Engine/Plugins/2D/Paper2D/Content/MaskedUnlitSpriteMaterial.uasset" 290
"../../../Engine/Plugins/2D/Paper2D/Content/OpaqueUnlitSpriteMaterial.uasset" 291
"../../../Engine/Plugins/Media/MediaCompositing/Content/DefaultMediaPlaneMaterial.uasset" 292
"../../../Engine/Content/Functions/Engine_MaterialFunctions02/Utility/MakeFloat4.uasset" 293
"../../../Engine/Plugins/Runtime/AppleARKit/Content/ARKitCameraMaterial.uasset" 294
"../../../Engine/Plugins/Runtime/Oculus/OculusVR/Content/Textures/GearVRController_AO.uasset" 295
"../../../Engine/Plugins/Runtime/Oculus/OculusVR/Content/Textures/GearVRController_Color.uasset" 296
"../../../Engine/Plugins/Runtime/Oculus/OculusVR/Content/Textures/GearVRController_Normal.uasset" 297
"../../../Engine/Plugins/Runtime/Oculus/OculusVR/Content/Materials/GearVRControllerMaterial.uasset" 298
"../../../Engine/Plugins/Runtime/Oculus/OculusVR/Content/Meshes/GearVrController.uasset" 299
"../../../Engine/Content/EngineSky/C_Sky_Cloud_Color.uasset" 300
"../../../Engine/Content/EngineSky/C_Sky_Horizon_Color.uasset" 301
"../../../Engine/Content/EngineSky/C_Sky_Zenith_Color.uasset" 302
"../../../Engine/Content/EngineSky/T_Sky_Blue.uasset" 303
"../../../Engine/Content/EngineSky/T_Sky_Clouds_M.uasset" 304
"../../../Engine/Content/EngineSky/T_Sky_Stars.uasset" 305
"../../../Engine/Content/EngineSky/M_Sky_Panning_Clouds2.uasset" 306
"../../../Engine/Content/EngineSky/SM_SkySphere.uasset" 307
"../../../Engine/Content/EngineSky/BP_Sky_Sphere.uasset" 308
"../../../RacingGame/Content/Blueprints/BP_SpeedBoostComponent.uasset" 309
"../../../RacingGame/Content/Textures/Arrow.uasset" 310
"../../../RacingGame/Content/Materials/Arrow_Mat.uasset" 311
"../../../RacingGame/Content/Meshes/StraightFull.uasset" 312
"../../../RacingGame/Content/Blueprints/SpeedBoost_Volume.uasset" 313
"../../../RacingGame/Content/City_BuiltData.uasset" 314
"../../../RacingGame/Content/CyberpunkAlleyPack/Textures/Concrete1/Concrete1_BaseColor.uasset" 315
"../../../RacingGame/Content/CyberpunkAlleyPack/Textures/Concrete1/Concrete1_Normal.uasset" 316
"../../../RacingGame/Content/CyberpunkAlleyPack/Textures/Concrete1/Concrete1_Roughness.uasset" 317
"../../../RacingGame/Content/CyberpunkAlleyPack/Textures/FlatNormal.uasset" 318
"../../../RacingGame/Content/CyberpunkAlleyPack/Materials/Concrete1.uasset" 319
"../../../RacingGame/Content/CyberpunkAlleyPack/Textures/StorefrontB/StorefrontB_BaseColor.uasset" 320
"../../../RacingGame/Content/CyberpunkAlleyPack/Textures/StorefrontB/StorefrontB_Emissive.uasset" 321
"../../../RacingGame/Content/CyberpunkAlleyPack/Textures/StorefrontB/StorefrontB_Metallic.uasset" 322
"../../../RacingGame/Content/CyberpunkAlleyPack/Textures/StorefrontB/StorefrontB_Normal.uasset" 323
"../../../RacingGame/Content/CyberpunkAlleyPack/Textures/StorefrontB/StorefrontB_Roughness.uasset" 324
"../../../RacingGame/Content/CyberpunkAlleyPack/Materials/StorefrontB.uasset" 325
"../../../RacingGame/Content/CyberpunkAlleyPack/Textures/StorefrontC/StorefrontC_BaseColor.uasset" 326
"../../../RacingGame/Content/CyberpunkAlleyPack/Textures/StorefrontC/StorefrontC_Emissive.uasset" 327
"../../../RacingGame/Content/CyberpunkAlleyPack/Textures/StorefrontC/StorefrontC_Metallic.uasset" 328
"../../../RacingGame/Content/CyberpunkAlleyPack/Textures/StorefrontC/StorefrontC_Normal.uasset" 329
"../../../RacingGame/Content/CyberpunkAlleyPack/Textures/StorefrontC/StorefrontC_Roughness.uasset" 330
"../../../RacingGame/Content/CyberpunkAlleyPack/Materials/StorefrontC.uasset" 331
"../../../RacingGame/Content/CyberpunkAlleyPack/Textures/StorefrontD/StorefrontD_FinalLowPoly_BaseColor.uasset" 332
"../../../RacingGame/Content/CyberpunkAlleyPack/Textures/StorefrontD/StorefrontD_FinalLowPoly_Emissive.uasset" 333
"../../../RacingGame/Content/CyberpunkAlleyPack/Textures/StorefrontD/StorefrontD_FinalLowPoly_Metallic.uasset" 334
"../../../RacingGame/Content/CyberpunkAlleyPack/Textures/StorefrontD/StorefrontD_FinalLowPoly_Normal.uasset" 335
"../../../RacingGame/Content/CyberpunkAlleyPack/Textures/StorefrontD/StorefrontD_FinalLowPoly_Roughness.uasset" 336
"../../../RacingGame/Content/CyberpunkAlleyPack/Materials/StorefrontD.uasset" 337
"../../../RacingGame/Content/CyberpunkAlleyPack/Textures/WindowB/WindowB_FinalLowPoly_BaseColor.uasset" 338
"../../../RacingGame/Content/CyberpunkAlleyPack/Textures/WindowB/WindowB_FinalLowPoly_Emissive.uasset" 339
"../../../RacingGame/Content/CyberpunkAlleyPack/Textures/WindowB/WindowB_FinalLowPoly_Metallic.uasset" 340
"../../../RacingGame/Content/CyberpunkAlleyPack/Textures/WindowB/WindowB_FinalLowPoly_Normal.uasset" 341
"../../../RacingGame/Content/CyberpunkAlleyPack/Textures/WindowB/WindowB_FinalLowPoly_Roughness.uasset" 342
"../../../RacingGame/Content/CyberpunkAlleyPack/Materials/WindowB.uasset" 343
"../../../RacingGame/Content/SciFiHallway/Materials/Glass2.uasset" 344
"../../../RacingGame/Content/SciFiHallway/Textures/Grating_01_M.uasset" 345
"../../../RacingGame/Content/SciFiHallway/Textures/Grating_01_N.uasset" 346
"../../../RacingGame/Content/SciFiHallway/Materials/Master_Alpha_Simple.uasset" 347
"../../../RacingGame/Content/SciFiHallway/Textures/LEDSign_E.uasset" 348
"../../../RacingGame/Content/SciFiHallway/Materials/Master_Emissive_Panner.uasset" 349
"../../../RacingGame/Content/Materials/Arrow_Purple.uasset" 350
"../../../RacingGame/Content/Textures/Concrete_FlatSurface_2k_alb.uasset" 351
"../../../RacingGame/Content/Textures/Concrete_Square_2k_ao.uasset" 352
"../../../RacingGame/Content/Textures/Concrete_Square_2k_h.uasset" 353
"../../../RacingGame/Content/Textures/Metalness.uasset" 354
"../../../RacingGame/Content/Textures/T_MacroVariation2.uasset" 355
"../../../RacingGame/Content/Materials/MasterMaterial.uasset" 356
"../../../RacingGame/Content/Materials/Concrete_FlatSurface.uasset" 357
"../../../RacingGame/Content/CyberpunkAlleyPack/Materials/BrightLight.uasset" 358
"../../../RacingGame/Content/Materials/GreenBrightLight_Inst.uasset" 359
"../../../RacingGame/Content/Materials/RedBrightLight_Inst.uasset" 360
"../../../Engine/Content/Functions/Engine_MaterialFunctions01/ImageAdjustment/CheapContrast_RGB.uasset" 361
"../../../RacingGame/Content/SciFiHallway/Textures/Floor_01_D.uasset" 362
"../../../RacingGame/Content/SciFiHallway/Textures/Floor_01_G.uasset" 363
"../../../RacingGame/Content/SciFiHallway/Textures/Floor_01_M.uasset" 364
"../../../RacingGame/Content/SciFiHallway/Textures/Floor_01_N.uasset" 365
"../../../RacingGame/Content/SciFiHallway/Textures/Floor_01_S.uasset" 366
"../../../RacingGame/Content/SciFiHallway/Textures/Metal_Scratches_M.uasset" 367
"../../../RacingGame/Content/SciFiHallway/Textures/Tile_02_E.uasset" 368
"../../../RacingGame/Content/SciFiHallway/Materials/Master_Masked_CHEAP.uasset" 369
"../../../RacingGame/Content/SciFiHallway/Textures/Door_01_D.uasset" 370
"../../../RacingGame/Content/SciFiHallway/Textures/Door_01_E.uasset" 371
"../../../RacingGame/Content/SciFiHallway/Textures/Door_01_G.uasset" 372
"../../../RacingGame/Content/SciFiHallway/Textures/Door_01_M.uasset" 373
"../../../RacingGame/Content/SciFiHallway/Textures/Door_01_N.uasset" 374
"../../../RacingGame/Content/SciFiHallway/Textures/Door_01_SR.uasset" 375
"../../../RacingGame/Content/SciFiHallway/Textures/Metal_Brushed_M.uasset" 376
"../../../RacingGame/Content/SciFiHallway/Materials/Door_01_Masked.uasset" 377
"../../../RacingGame/Content/SciFiHallway/Textures/2xRGB.uasset" 378
"../../../RacingGame/Content/SciFiHallway/Textures/Door_02_M2.uasset" 379
"../../../RacingGame/Content/SciFiHallway/Materials/Master_Masked.uasset" 380
"../../../RacingGame/Content/SciFiHallway/Textures/Door_02_D.uasset" 381
"../../../RacingGame/Content/SciFiHallway/Textures/Door_02_E.uasset" 382
"../../../RacingGame/Content/SciFiHallway/Textures/Door_02_G.uasset" 383
"../../../RacingGame/Content/SciFiHallway/Textures/Door_02_N.uasset" 384
"../../../RacingGame/Content/SciFiHallway/Textures/Door_02_SR.uasset" 385
"../../../RacingGame/Content/SciFiHallway/Materials/Door_02_Masked_6.uasset" 386
"../../../RacingGame/Content/SciFiHallway/Materials/Master_Simple.uasset" 387
"../../../RacingGame/Content/SciFiHallway/Materials/Emissive_Simple.uasset" 388
"../../../RacingGame/Content/SciFiHallway/Textures/Floor_01_SR.uasset" 389
"../../../RacingGame/Content/SciFiHallway/Materials/Floor_01_Masked.uasset" 390
"../../../RacingGame/Content/SciFiHallway/Textures/Floor_02_D.uasset" 391
"../../../RacingGame/Content/SciFiHallway/Textures/Floor_02_G.uasset" 392
"../../../RacingGame/Content/SciFiHallway/Textures/Floor_02_M.uasset" 393
"../../../RacingGame/Content/SciFiHallway/Textures/Floor_02_N.uasset" 394
"../../../RacingGame/Content/SciFiHallway/Textures/Floor_02_SR.uasset" 395
"../../../RacingGame/Content/SciFiHallway/Materials/Floor_02_Masked.uasset" 396
"../../../RacingGame/Content/SciFiHallway/Textures/Floor_03_D.uasset" 397
"../../../RacingGame/Content/SciFiHallway/Textures/Floor_03_G.uasset" 398
"../../../RacingGame/Content/SciFiHallway/Textures/Floor_03_M2.uasset" 399
"../../../RacingGame/Content/SciFiHallway/Textures/Floor_03_N.uasset" 400
"../../../RacingGame/Content/SciFiHallway/Textures/Floor_03_SR.uasset" 401
"../../../RacingGame/Content/SciFiHallway/Materials/Floor_03_Masked_6.uasset" 402
"../../../RacingGame/Content/SciFiHallway/Textures/Floor_03_Opacity.uasset" 403
"../../../RacingGame/Content/SciFiHallway/Materials/Master_Masked_Opacity.uasset" 404
"../../../RacingGame/Content/SciFiHallway/Textures/Floor_03_M.uasset" 405
"../../../RacingGame/Content/SciFiHallway/Materials/Floor_03_Masked_Opacity.uasset" 406
"../../../RacingGame/Content/SciFiHallway/Textures/Fond_Wall_01_D.uasset" 407
"../../../RacingGame/Content/SciFiHallway/Textures/Fond_Wall_01_E.uasset" 408
"../../../RacingGame/Content/SciFiHallway/Textures/Fond_Wall_01_G.uasset" 409
"../../../RacingGame/Content/SciFiHallway/Textures/Fond_Wall_01_M.uasset" 410
"../../../RacingGame/Content/SciFiHallway/Textures/Fond_Wall_01_N.uasset" 411
"../../../RacingGame/Content/SciFiHallway/Textures/Fond_Wall_01_SR.uasset" 412
"../../../RacingGame/Content/SciFiHallway/Materials/Fond_Wall_01_Masked.uasset" 413
"../../../RacingGame/Content/SciFiHallway/Textures/Fusebox_01_D.uasset" 414
"../../../RacingGame/Content/SciFiHallway/Textures/Fusebox_01_G.uasset" 415
"../../../RacingGame/Content/SciFiHallway/Textures/Fusebox_01_M.uasset" 416
"../../../RacingGame/Content/SciFiHallway/Textures/Fusebox_01_N.uasset" 417
"../../../RacingGame/Content/SciFiHallway/Textures/Fusebox_01_SR.uasset" 418
"../../../RacingGame/Content/SciFiHallway/Materials/Fusebox_Masked.uasset" 419
"../../../RacingGame/Content/SciFiHallway/Textures/Divider_01_G.uasset" 420
"../../../RacingGame/Content/SciFiHallway/Textures/Office_01_D.uasset" 421
"../../../RacingGame/Content/SciFiHallway/Textures/Office_01_E.uasset" 422
"../../../RacingGame/Content/SciFiHallway/Textures/Office_01_M.uasset" 423
"../../../RacingGame/Content/SciFiHallway/Textures/Office_01_N.uasset" 424
"../../../RacingGame/Content/SciFiHallway/Textures/Office_01_SR.uasset" 425
"../../../RacingGame/Content/SciFiHallway/Materials/Office_01_Masked_6.uasset" 426
"../../../RacingGame/Content/SciFiHallway/Textures/Metal_Tiling_N.uasset" 427
"../../../RacingGame/Content/SciFiHallway/Textures/Pipe_Set_01_normals.uasset" 428
"../../../RacingGame/Content/SciFiHallway/Textures/Pipe_Set_01_occlusion.uasset" 429
"../../../RacingGame/Content/SciFiHallway/Textures/Pipes_Set_01_Mask.uasset" 430
"../../../RacingGame/Content/SciFiHallway/Materials/Master_Pipe.uasset" 431
"../../../RacingGame/Content/SciFiHallway/Materials/Pipe_Inst_1.uasset" 432
"../../../RacingGame/Content/SciFiHallway/Materials/Pipe_Inst_2.uasset" 433
"../../../RacingGame/Content/SciFiHallway/Textures/Robot_D.uasset" 434
"../../../RacingGame/Content/SciFiHallway/Textures/Robot_M.uasset" 435
"../../../RacingGame/Content/SciFiHallway/Textures/Robot_N.uasset" 436
"../../../RacingGame/Content/SciFiHallway/Textures/Robot_occlusion.uasset" 437
"../../../RacingGame/Content/SciFiHallway/Materials/Robot_01.uasset" 438
"../../../RacingGame/Content/SciFiHallway/Materials/Robot_02.uasset" 439
"../../../RacingGame/Content/SciFiHallway/Materials/Robot_03.uasset" 440
"../../../RacingGame/Content/SciFiHallway/Materials/Simple_CHrome.uasset" 441
"../../../RacingGame/Content/SciFiHallway/Materials/Simple_CHrome2.uasset" 442
"../../../RacingGame/Content/SciFiHallway/Materials/Simple_Copper.uasset" 443
"../../../RacingGame/Content/SciFiHallway/Materials/Simple_Plastic.uasset" 444
"../../../RacingGame/Content/SciFiHallway/Materials/Simple_PVC_1.uasset" 445
"../../../RacingGame/Content/SciFiHallway/Materials/Simple_PVC_2.uasset" 446
"../../../RacingGame/Content/SciFiHallway/Materials/Simple_Steel_1.uasset" 447
"../../../RacingGame/Content/SciFiHallway/Textures/Tile_01_d.uasset" 448
"../../../RacingGame/Content/SciFiHallway/Textures/Tile_01_E.uasset" 449
"../../../RacingGame/Content/SciFiHallway/Textures/Tile_01_G.uasset" 450
"../../../RacingGame/Content/SciFiHallway/Textures/Tile_01_M.uasset" 451
"../../../RacingGame/Content/SciFiHallway/Textures/Tile_01_N.uasset" 452
"../../../RacingGame/Content/SciFiHallway/Textures/Tile_01_SR.uasset" 453
"../../../RacingGame/Content/SciFiHallway/Materials/Tile_01_Masked.uasset" 454
"../../../RacingGame/Content/SciFiHallway/Textures/Tile_02_D.uasset" 455
"../../../RacingGame/Content/SciFiHallway/Textures/Tile_02_G.uasset" 456
"../../../RacingGame/Content/SciFiHallway/Textures/Tile_02_M2.uasset" 457
"../../../RacingGame/Content/SciFiHallway/Textures/Tile_02_N.uasset" 458
"../../../RacingGame/Content/SciFiHallway/Textures/Tile_02_SR.uasset" 459
"../../../RacingGame/Content/SciFiHallway/Materials/Tile_02_Masked_6.uasset" 460
"../../../RacingGame/Content/SciFiHallway/Textures/Tile_03_B_D.uasset" 461
"../../../RacingGame/Content/SciFiHallway/Textures/Tile_03_B_M.uasset" 462
"../../../RacingGame/Content/SciFiHallway/Textures/Tile_03_B_N.uasset" 463
"../../../RacingGame/Content/SciFiHallway/Textures/Tile_03_B_SR.uasset" 464
"../../../RacingGame/Content/SciFiHallway/Textures/Tile_03_E.uasset" 465
"../../../RacingGame/Content/SciFiHallway/Materials/Tile_03_B_Masked.uasset" 466
"../../../Engine/Content/EngineMaterials/DefaultPhysicalMaterial.uasset" 467
"../../../RacingGame/Content/CyberpunkAlleyPack/Meshes/Blocks/Block_Cube.uasset" 468
"../../../RacingGame/Content/CyberpunkAlleyPack/Meshes/Blocks/Block_Doorway.uasset" 469
"../../../RacingGame/Content/CyberpunkAlleyPack/Meshes/Blocks/Block_DoorwayHeightener.uasset" 470
"../../../RacingGame/Content/CyberpunkAlleyPack/Meshes/Blocks/Block_FlatTurnInside.uasset" 471
"../../../RacingGame/Content/CyberpunkAlleyPack/Meshes/Blocks/Block_ShortTurnInside.uasset" 472
"../../../RacingGame/Content/CyberpunkAlleyPack/Meshes/Blocks/Block_SquareFlat2x.uasset" 473
"../../../RacingGame/Content/CyberpunkAlleyPack/Meshes/Blocks/Block_SquareFlatB.uasset" 474
"../../../RacingGame/Content/CyberpunkAlleyPack/Meshes/Blocks/Block_SquareShort.uasset" 475
"../../../RacingGame/Content/CyberpunkAlleyPack/Meshes/Blocks/Block_Turn.uasset" 476
"../../../RacingGame/Content/CyberpunkAlleyPack/Meshes/Blocks/Ramp_ShortToGround.uasset" 477
"../../../RacingGame/Content/CyberpunkAlleyPack/Textures/DoorwayA/DoorwayA_FinalLowPoly_BaseColor.uasset" 478
"../../../RacingGame/Content/CyberpunkAlleyPack/Textures/DoorwayA/DoorwayA_FinalLowPoly_Emissive.uasset" 479
"../../../RacingGame/Content/CyberpunkAlleyPack/Textures/DoorwayA/DoorwayA_FinalLowPoly_Metallic.uasset" 480
"../../../RacingGame/Content/CyberpunkAlleyPack/Textures/DoorwayA/DoorwayA_FinalLowPoly_Normal.uasset" 481
"../../../RacingGame/Content/CyberpunkAlleyPack/Textures/DoorwayA/DoorwayA_FinalLowPoly_Roughness.uasset" 482
"../../../RacingGame/Content/CyberpunkAlleyPack/Materials/DoorwayA.uasset" 483
"../../../RacingGame/Content/CyberpunkAlleyPack/Meshes/BuildingFaces/DoorwayA.uasset" 484
"../../../RacingGame/Content/CyberpunkAlleyPack/Textures/DoorwayC/DoorwayC_FinalLowPoly_BaseColor.uasset" 485
"../../../RacingGame/Content/CyberpunkAlleyPack/Textures/DoorwayC/DoorwayC_FinalLowPoly_Emissive.uasset" 486
"../../../RacingGame/Content/CyberpunkAlleyPack/Textures/DoorwayC/DoorwayC_FinalLowPoly_Metallic.uasset" 487
"../../../RacingGame/Content/CyberpunkAlleyPack/Textures/DoorwayC/DoorwayC_FinalLowPoly_Normal.uasset" 488
"../../../RacingGame/Content/CyberpunkAlleyPack/Textures/DoorwayC/DoorwayC_FinalLowPoly_Roughness.uasset" 489
"../../../RacingGame/Content/CyberpunkAlleyPack/Materials/DoorwayC.uasset" 490
"../../../RacingGame/Content/CyberpunkAlleyPack/Meshes/BuildingFaces/DoorwayC.uasset" 491
"../../../RacingGame/Content/CyberpunkAlleyPack/Textures/DoorwayD/DoorwayD_FinalLowPoly_BaseColor.uasset" 492
"../../../RacingGame/Content/CyberpunkAlleyPack/Textures/DoorwayD/DoorwayD_FinalLowPoly_Emissive.uasset" 493
"../../../RacingGame/Content/CyberpunkAlleyPack/Textures/DoorwayD/DoorwayD_FinalLowPoly_Metallic.uasset" 494
"../../../RacingGame/Content/CyberpunkAlleyPack/Textures/DoorwayD/DoorwayD_FinalLowPoly_Normal.uasset" 495
"../../../RacingGame/Content/CyberpunkAlleyPack/Textures/DoorwayD/DoorwayD_FinalLowPoly_Roughness.uasset" 496
"../../../RacingGame/Content/CyberpunkAlleyPack/Materials/DoorwayD.uasset" 497
"../../../RacingGame/Content/CyberpunkAlleyPack/Meshes/BuildingFaces/DoorwayD.uasset" 498
"../../../RacingGame/Content/CyberpunkAlleyPack/Textures/DoorwayE/DoorwayE_PaintingLowPoly_BaseColor.uasset" 499
"../../../RacingGame/Content/CyberpunkAlleyPack/Textures/DoorwayE/DoorwayE_PaintingLowPoly_Emissive.uasset" 500
"../../../RacingGame/Content/CyberpunkAlleyPack/Textures/DoorwayE/DoorwayE_PaintingLowPoly_Metallic.uasset" 501
"../../../RacingGame/Content/CyberpunkAlleyPack/Textures/DoorwayE/DoorwayE_PaintingLowPoly_Normal.uasset" 502
"../../../RacingGame/Content/CyberpunkAlleyPack/Textures/DoorwayE/DoorwayE_PaintingLowPoly_Opacity.uasset" 503
"../../../RacingGame/Content/CyberpunkAlleyPack/Textures/DoorwayE/DoorwayE_PaintingLowPoly_Roughness.uasset" 504
"../../../RacingGame/Content/CyberpunkAlleyPack/Materials/DoorwayE.uasset" 505
"../../../RacingGame/Content/CyberpunkAlleyPack/Meshes/BuildingFaces/DoorwayE.uasset" 506
"../../../RacingGame/Content/CyberpunkAlleyPack/Textures/WallCoverA/WallCoverA_PaintingLowPoly_BaseColor.uasset" 507
"../../../RacingGame/Content/CyberpunkAlleyPack/Textures/WallCoverA/WallCoverA_PaintingLowPoly_Emissive.uasset" 508
"../../../RacingGame/Content/CyberpunkAlleyPack/Textures/WallCoverA/WallCoverA_PaintingLowPoly_Metallic.uasset" 509
"../../../RacingGame/Content/CyberpunkAlleyPack/Textures/WallCoverA/WallCoverA_PaintingLowPoly_Normal.uasset" 510
"../../../RacingGame/Content/CyberpunkAlleyPack/Textures/WallCoverA/WallCoverA_PaintingLowPoly_Opacity.uasset" 511
"../../../RacingGame/Content/CyberpunkAlleyPack/Textures/WallCoverA/WallCoverA_PaintingLowPoly_Roughness.uasset" 512
"../../../RacingGame/Content/CyberpunkAlleyPack/Materials/WallCoverA.uasset" 513
"../../../RacingGame/Content/CyberpunkAlleyPack/Meshes/BuildingFaces/PaintNumber_Eight.uasset" 514
"../../../RacingGame/Content/CyberpunkAlleyPack/Meshes/BuildingFaces/PaintNumber_Five.uasset" 515
"../../../RacingGame/Content/CyberpunkAlleyPack/Meshes/BuildingFaces/PaintNumber_Nine.uasset" 516
"../../../RacingGame/Content/CyberpunkAlleyPack/Meshes/BuildingFaces/PaintNumber_Six.uasset" 517
"../../../RacingGame/Content/CyberpunkAlleyPack/Meshes/BuildingFaces/PaintNumber_Zero.uasset" 518
"../../../RacingGame/Content/CyberpunkAlleyPack/Textures/StorefrontA/StorefrontA_BaseColor.uasset" 519
"../../../RacingGame/Content/CyberpunkAlleyPack/Textures/StorefrontA/StorefrontA_Emissive.uasset" 520
"../../../RacingGame/Content/CyberpunkAlleyPack/Textures/StorefrontA/StorefrontA_Metallic.uasset" 521
"../../../RacingGame/Content/CyberpunkAlleyPack/Textures/StorefrontA/StorefrontA_Normal.uasset" 522
"../../../RacingGame/Content/CyberpunkAlleyPack/Textures/StorefrontA/StorefrontA_Roughness.uasset" 523
"../../../RacingGame/Content/CyberpunkAlleyPack/Materials/StorefrontA.uasset" 524
"../../../RacingGame/Content/CyberpunkAlleyPack/Meshes/BuildingFaces/StorefrontA.uasset" 525
"../../../RacingGame/Content/CyberpunkAlleyPack/Meshes/BuildingFaces/StorefrontB.uasset" 526
"../../../RacingGame/Content/CyberpunkAlleyPack/Meshes/BuildingFaces/StorefrontC_WithStools.uasset" 527
"../../../RacingGame/Content/CyberpunkAlleyPack/Meshes/BuildingFaces/StorefrontD.uasset" 528
"../../../RacingGame/Content/CyberpunkAlleyPack/Textures/StorefrontE/StorefrontE_FinalLowPoly_BaseColor.uasset" 529
"../../../RacingGame/Content/CyberpunkAlleyPack/Textures/StorefrontE/StorefrontE_FinalLowPoly_Emissive.uasset" 530
"../../../RacingGame/Content/CyberpunkAlleyPack/Textures/StorefrontE/StorefrontE_FinalLowPoly_Metallic.uasset" 531
"../../../RacingGame/Content/CyberpunkAlleyPack/Textures/StorefrontE/StorefrontE_FinalLowPoly_Normal.uasset" 532
"../../../RacingGame/Content/CyberpunkAlleyPack/Textures/StorefrontE/StorefrontE_FinalLowPoly_Roughness.uasset" 533
"../../../RacingGame/Content/CyberpunkAlleyPack/Materials/StorefrontE.uasset" 534
"../../../RacingGame/Content/CyberpunkAlleyPack/Meshes/BuildingFaces/StorefrontE.uasset" 535
"../../../RacingGame/Content/CyberpunkAlleyPack/Meshes/BuildingFaces/WallCoverA.uasset" 536
"../../../RacingGame/Content/CyberpunkAlleyPack/Textures/WallCoverB/WallCoverB_FinalLowPoly_BaseColor.uasset" 537
"../../../RacingGame/Content/CyberpunkAlleyPack/Textures/WallCoverB/WallCoverB_FinalLowPoly_Metallic.uasset" 538
"../../../RacingGame/Content/CyberpunkAlleyPack/Textures/WallCoverB/WallCoverB_FinalLowPoly_Normal.uasset" 539
"../../../RacingGame/Content/CyberpunkAlleyPack/Textures/WallCoverB/WallCoverB_FinalLowPoly_Roughness.uasset" 540
"../../../RacingGame/Content/CyberpunkAlleyPack/Materials/WallCoverB.uasset" 541
"../../../RacingGame/Content/CyberpunkAlleyPack/Meshes/BuildingFaces/WallCoverB.uasset" 542
"../../../RacingGame/Content/CyberpunkAlleyPack/Textures/WallCoverC/WallCoverC_FinalLowPoly_BaseColor.uasset" 543
"../../../RacingGame/Content/CyberpunkAlleyPack/Textures/WallCoverC/WallCoverC_FinalLowPoly_Metallic.uasset" 544
"../../../RacingGame/Content/CyberpunkAlleyPack/Textures/WallCoverC/WallCoverC_FinalLowPoly_Normal.uasset" 545
"../../../RacingGame/Content/CyberpunkAlleyPack/Textures/WallCoverC/WallCoverC_FinalLowPoly_Roughness.uasset" 546
"../../../RacingGame/Content/CyberpunkAlleyPack/Materials/WallCoverC.uasset" 547
"../../../RacingGame/Content/CyberpunkAlleyPack/Meshes/BuildingFaces/WallCoverC.uasset" 548
"../../../RacingGame/Content/CyberpunkAlleyPack/Textures/WindowA/WindowA_PaintingLowPoly_BaseColor.uasset" 549
"../../../RacingGame/Content/CyberpunkAlleyPack/Textures/WindowA/WindowA_PaintingLowPoly_Emissive.uasset" 550
"../../../RacingGame/Content/CyberpunkAlleyPack/Textures/WindowA/WindowA_PaintingLowPoly_Metallic.uasset" 551
"../../../RacingGame/Content/CyberpunkAlleyPack/Textures/WindowA/WindowA_PaintingLowPoly_Normal.uasset" 552
"../../../RacingGame/Content/CyberpunkAlleyPack/Textures/WindowA/WindowA_PaintingLowPoly_Opacity.uasset" 553
"../../../RacingGame/Content/CyberpunkAlleyPack/Textures/WindowA/WindowA_PaintingLowPoly_Roughness.uasset" 554
"../../../RacingGame/Content/CyberpunkAlleyPack/Materials/WindowA.uasset" 555
"../../../RacingGame/Content/CyberpunkAlleyPack/Meshes/BuildingFaces/WindowA_Plain.uasset" 556
"../../../RacingGame/Content/CyberpunkAlleyPack/Meshes/BuildingFaces/WindowA_TagsA.uasset" 557
"../../../RacingGame/Content/CyberpunkAlleyPack/Meshes/BuildingFaces/WindowA_TagsB.uasset" 558
"../../../RacingGame/Content/CyberpunkAlleyPack/Meshes/BuildingFaces/WindowB.uasset" 559
"../../../RacingGame/Content/CyberpunkAlleyPack/Textures/Car/Car_FinalLowPoly_BaseColor.uasset" 560
"../../../RacingGame/Content/CyberpunkAlleyPack/Textures/Car/Car_FinalLowPoly_Emissive.uasset" 561
"../../../RacingGame/Content/CyberpunkAlleyPack/Textures/Car/Car_FinalLowPoly_Metallic.uasset" 562
"../../../RacingGame/Content/CyberpunkAlleyPack/Textures/Car/Car_FinalLowPoly_Normal.uasset" 563
"../../../RacingGame/Content/CyberpunkAlleyPack/Textures/Car/Car_FinalLowPoly_Roughness.uasset" 564
"../../../RacingGame/Content/CyberpunkAlleyPack/Materials/Car.uasset" 565
"../../../RacingGame/Content/CyberpunkAlleyPack/Meshes/Car.uasset" 566
"../../../RacingGame/Content/CyberpunkAlleyPack/Meshes/Column1.uasset" 567
"../../../RacingGame/Content/CyberpunkAlleyPack/Meshes/Column2.uasset" 568
"../../../RacingGame/Content/CyberpunkAlleyPack/Meshes/Column3.uasset" 569
"../../../RacingGame/Content/CyberpunkAlleyPack/Meshes/ColumnShort1.uasset" 570
"../../../RacingGame/Content/CyberpunkAlleyPack/Meshes/DoorArchway1.uasset" 571
"../../../RacingGame/Content/CyberpunkAlleyPack/Meshes/Ladder.uasset" 572
"../../../RacingGame/Content/CyberpunkAlleyPack/Materials/GenericBlackRubber.uasset" 573
"../../../RacingGame/Content/CyberpunkAlleyPack/Meshes/Lights/LightDecorA.uasset" 574
"../../../RacingGame/Content/CyberpunkAlleyPack/Meshes/Lights/LightDecorB.uasset" 575
"../../../RacingGame/Content/CyberpunkAlleyPack/Meshes/Lights/LightDecorD.uasset" 576
"../../../RacingGame/Content/CyberpunkAlleyPack/Meshes/Lights/StreetLightDouble_Vert.uasset" 577
"../../../RacingGame/Content/CyberpunkAlleyPack/Meshes/Lights/WallLight_WiredA.uasset" 578
"../../../RacingGame/Content/CyberpunkAlleyPack/Meshes/Lights/WallLight_WiredB.uasset" 579
"../../../RacingGame/Content/CyberpunkAlleyPack/Meshes/MaglevTrack.uasset" 580
"../../../RacingGame/Content/CyberpunkAlleyPack/Textures/MaglevTrainDirty/MaglevCarDirty_BaseColor.uasset" 581
"../../../RacingGame/Content/CyberpunkAlleyPack/Textures/MaglevTrainDirty/MaglevCarDirty_Metallic.uasset" 582
"../../../RacingGame/Content/CyberpunkAlleyPack/Textures/MaglevTrainDirty/MaglevCarDirty_Normal.uasset" 583
"../../../RacingGame/Content/CyberpunkAlleyPack/Textures/MaglevTrainDirty/MaglevCarDirty_Roughness.uasset" 584
"../../../RacingGame/Content/CyberpunkAlleyPack/Materials/MaglevTrainDirty.uasset" 585
"../../../RacingGame/Content/CyberpunkAlleyPack/Meshes/MaglevTrain_Car.uasset" 586
"../../../RacingGame/Content/CyberpunkAlleyPack/Meshes/MaglevTrain_Engine.uasset" 587
"../../../RacingGame/Content/CyberpunkAlleyPack/Meshes/SeamCover3.uasset" 588
"../../../RacingGame/Content/CyberpunkAlleyPack/Meshes/SimpleEdging1.uasset" 589
"../../../RacingGame/Content/CyberpunkAlleyPack/Meshes/StreetDetail02.uasset" 590
"../../../RacingGame/Content/CyberpunkAlleyPack/Meshes/StreetDetail03.uasset" 591
"../../../RacingGame/Content/CyberpunkAlleyPack/Meshes/StreetDetail05.uasset" 592
"../../../RacingGame/Content/CyberpunkAlleyPack/Meshes/StreetDetail07.uasset" 593
"../../../RacingGame/Content/CyberpunkAlleyPack/Meshes/StreetDetail16.uasset" 594
"../../../RacingGame/Content/CyberpunkAlleyPack/Meshes/StreetDetail18.uasset" 595
"../../../RacingGame/Content/CyberpunkAlleyPack/Meshes/TallChainFence.uasset" 596
"../../../RacingGame/Content/CyberpunkAlleyPack/Meshes/TallChainFence_EndLeft.uasset" 597
"../../../RacingGame/Content/CyberpunkAlleyPack/Meshes/TrimAndRailing/Edging1_Straight.uasset" 598
"../../../RacingGame/Content/CyberpunkAlleyPack/Meshes/TrimAndRailing/Edging1_TurnInside.uasset" 599
"../../../RacingGame/Content/CyberpunkAlleyPack/Meshes/TrimAndRailing/Edging2_Straight.uasset" 600
"../../../RacingGame/Content/CyberpunkAlleyPack/Meshes/TrimAndRailing/Edging3_Straight.uasset" 601
"../../../RacingGame/Content/CyberpunkAlleyPack/Meshes/TrimAndRailing/Edging3_TurnInside.uasset" 602
"../../../RacingGame/Content/CyberpunkAlleyPack/Meshes/TrimAndRailing/Railing1_RampLeft.uasset" 603
"../../../RacingGame/Content/CyberpunkAlleyPack/Meshes/TrimAndRailing/Railing1_TurnOutside.uasset" 604
"../../../RacingGame/Content/CyberpunkAlleyPack/Meshes/TrimDetail1_A.uasset" 605
"../../../RacingGame/Content/CyberpunkAlleyPack/Meshes/TrimDetail2_A.uasset" 606
"../../../RacingGame/Content/CyberpunkAlleyPack/Meshes/TrimDetail4_B.uasset" 607
"../../../RacingGame/Content/CyberpunkAlleyPack/Meshes/TrimDetail4_D.uasset" 608
"../../../RacingGame/Content/CyberpunkAlleyPack/Meshes/TrimDetail5.uasset" 609
"../../../RacingGame/Content/CyberpunkAlleyPack/Meshes/WallEdgeColumn1.uasset" 610
"../../../RacingGame/Content/CyberpunkAlleyPack/Meshes/WallEdgeColumn2.uasset" 611
"../../../RacingGame/Content/CyberpunkAlleyPack/Meshes_Scaled/Blocks/Block_Cube.uasset" 612
"../../../RacingGame/Content/CyberpunkAlleyPack/Meshes_Scaled/Blocks/Block_DoorwayHeightener.uasset" 613
"../../../RacingGame/Content/CyberpunkAlleyPack/Meshes_Scaled/Blocks/Block_FlatTurn.uasset" 614
"../../../RacingGame/Content/CyberpunkAlleyPack/Meshes_Scaled/Blocks/Block_SquareFlatB.uasset" 615
"../../../RacingGame/Content/CyberpunkAlleyPack/Meshes_Scaled/BuildingFaces/DoorwayA.uasset" 616
"../../../RacingGame/Content/CyberpunkAlleyPack/Meshes_Scaled/BuildingFaces/PaintNumber_Nine.uasset" 617
"../../../RacingGame/Content/CyberpunkAlleyPack/Meshes_Scaled/BuildingFaces/PaintNumber_Six.uasset" 618
"../../../RacingGame/Content/CyberpunkAlleyPack/Meshes_Scaled/BuildingFaces/StorefrontB.uasset" 619
"../../../RacingGame/Content/CyberpunkAlleyPack/Meshes_Scaled/BuildingFaces/StorefrontD.uasset" 620
"../../../RacingGame/Content/CyberpunkAlleyPack/Meshes_Scaled/BuildingFaces/WallCoverC.uasset" 621
"../../../RacingGame/Content/CyberpunkAlleyPack/Meshes_Scaled/Car_2.uasset" 622
"../../../RacingGame/Content/CyberpunkAlleyPack/Meshes_Scaled/Ladder_2.uasset" 623
"../../../RacingGame/Content/CyberpunkAlleyPack/Meshes_Scaled/Lights/LightDecorB.uasset" 624
"../../../RacingGame/Content/CyberpunkAlleyPack/Meshes_Scaled/Lights/LightDecorD.uasset" 625
"../../../RacingGame/Content/CyberpunkAlleyPack/Meshes_Scaled/Lights/LightDecorE.uasset" 626
"../../../RacingGame/Content/CyberpunkAlleyPack/Meshes_Scaled/Lights/StreetLightDouble_Horiz.uasset" 627
"../../../RacingGame/Content/CyberpunkAlleyPack/Meshes_Scaled/Lights/WallLight_Plain.uasset" 628
"../../../RacingGame/Content/CyberpunkAlleyPack/Meshes_Scaled/Lights/WallLight_WiredA.uasset" 629
"../../../RacingGame/Content/CyberpunkAlleyPack/Meshes_Scaled/MaglevTrack_2.uasset" 630
"../../../RacingGame/Content/CyberpunkAlleyPack/Meshes_Scaled/MaglevTrain_Car_2.uasset" 631
"../../../RacingGame/Content/CyberpunkAlleyPack/Meshes_Scaled/MaglevTrain_Engine_2.uasset" 632
"../../../RacingGame/Content/CyberpunkAlleyPack/Meshes_Scaled/TrimAndRailing/Railing1_Straight.uasset" 633
"../../../RacingGame/Content/CyberpunkAlleyPack/Meshes_Scaled/TrimAndRailing/Railing1_TurnOutside.uasset" 634
"../../../RacingGame/Content/Meshes/BrickLine.uasset" 635
"../../../RacingGame/Content/Textures/Metal_CyberCube/Metal_CyberCube_2k_ao.uasset" 636
"../../../RacingGame/Content/Textures/Metal_CyberCube/Metal_CyberCube_2k_g.uasset" 637
"../../../RacingGame/Content/Textures/Metal_CyberCube/Metal_CyberCube_2k_n.uasset" 638
"../../../RacingGame/Content/Textures/Metal_CyberCube/Metal_CyberCube_2k_s.uasset" 639
"../../../RacingGame/Content/Textures/Metal_CyberCube/Metal_CyberCube_2k_t.uasset" 640
"../../../RacingGame/Content/Materials/Metal_CyberCube.uasset" 641
"../../../RacingGame/Content/Meshes/Cityscape.uasset" 642
"../../../RacingGame/Content/Meshes/Finish.uasset" 643
"../../../RacingGame/Content/Meshes/Loop.uasset" 644
"../../../RacingGame/Content/Meshes/LoopSmall.uasset" 645
"../../../RacingGame/Content/Meshes/MetroBricks.uasset" 646
"../../../RacingGame/Content/Meshes/RampLarge.uasset" 647
"../../../RacingGame/Content/Meshes/SM_RampFloor.uasset" 648
"../../../RacingGame/Content/Materials/M_Transparent_Editor.uasset" 649
"../../../RacingGame/Content/Meshes/SM_RampTriggerVolume.uasset" 650
"../../../RacingGame/Content/SciFiHallway/Props/Cables_01.uasset" 651
"../../../RacingGame/Content/SciFiHallway/Props/Ceiling_Light_01.uasset" 652
"../../../RacingGame/Content/SciFiHallway/Props/Door_01.uasset" 653
"../../../RacingGame/Content/SciFiHallway/Props/Door_01_Module.uasset" 654
"../../../RacingGame/Content/SciFiHallway/Props/Door_02.uasset" 655
"../../../RacingGame/Content/SciFiHallway/Props/Doorstep_01.uasset" 656
"../../../RacingGame/Content/SciFiHallway/Props/Floor_01.uasset" 657
"../../../RacingGame/Content/SciFiHallway/Props/Floor_02.uasset" 658
"../../../RacingGame/Content/SciFiHallway/Props/Floor_03.uasset" 659
"../../../RacingGame/Content/SciFiHallway/Props/Fond_Wall_01.uasset" 660
"../../../RacingGame/Content/SciFiHallway/Props/Fusebox_01.uasset" 661
"../../../RacingGame/Content/SciFiHallway/Props/Glass_Divider_01.uasset" 662
"../../../RacingGame/Content/SciFiHallway/Props/Handlebar_01.uasset" 663
"../../../RacingGame/Content/SciFiHallway/Props/LEDSign_01.uasset" 664
"../../../RacingGame/Content/SciFiHallway/Props/List_01.uasset" 665
"../../../RacingGame/Content/SciFiHallway/Props/Office_Details_01.uasset" 666
"../../../RacingGame/Content/SciFiHallway/Props/Pipe_01.uasset" 667
"../../../RacingGame/Content/SciFiHallway/Props/Pipe_02.uasset" 668
"../../../RacingGame/Content/SciFiHallway/Props/Pipe_03.uasset" 669
"../../../RacingGame/Content/SciFiHallway/Props/PowerSocket_01.uasset" 670
"../../../RacingGame/Content/SciFiHallway/Props/Rail_01.uasset" 671
"../../../RacingGame/Content/SciFiHallway/Props/Tile_01_Rescaled.uasset" 672
"../../../RacingGame/Content/SciFiHallway/Props/Tile_02_B.uasset" 673
"../../../RacingGame/Content/SciFiHallway/Props/Tile_03.uasset" 674
"../../../RacingGame/Content/SciFiHallway/Props/Tile_03_Cap.uasset" 675
"../../../Engine/Plugins/2D/Paper2D/Content/TranslucentUnlitSpriteMaterial.uasset" 676
"../../../RacingGame/Content/Textures/Logo.uasset" 677
"../../../RacingGame/Content/Textures/Logo_Sprite.uasset" 678
"../../../RacingGame/Content/City.umap" 679
"../../../Engine/Content/Maps/Entry.umap" 680
